<?xml version="1.0" encoding="UTF-8"?>
<!-- Generated by org.testng.reporters.JUnitXMLReporter -->
<testsuite ignored="3" hostname="ItsMyHp-0212" failures="0" tests="3" name="Test2" time="0.008" errors="0" timestamp="2024-02-27T12:43:25 IST">
  <testcase classname="TestNG2.TngAnnTwo" name="method" time="0.001"/>
  <testcase classname="TestNG2.TngAnnTwo" name="method1" time="0.0"/>
  <testcase classname="TestNG.TngAnnotations" name="method1" time="0.001"/>
  <testcase classname="TestNG2.TngAnnotations" name="method1" time="0.0">
    <ignored/>
  </testcase> <!-- method1 -->
  <testcase classname="TestNG2.TngAnnotations" name="method2" time="0.0">
    <ignored/>
  </testcase> <!-- method2 -->
  <testcase classname="TestNG.TngAnnotations" name="method2" time="0.0">
    <ignored/>
  </testcase> <!-- method2 -->
</testsuite> <!-- Test2 -->
