<?xml version="1.0" encoding="UTF-8"?>
<!-- Generated by org.testng.reporters.JUnitXMLReporter -->
<testsuite ignored="0" hostname="ItsMyHp-0212" failures="0" tests="5" name="Test" time="4.321" errors="0" timestamp="2024-02-14T20:27:54 IST">
  <testcase classname="TestNG2.TngAnnTwo" name="method" time="0.006"/>
  <testcase classname="TestNG2.TngAnnTwo" name="method1" time="0.001"/>
  <testcase classname="TestNG2.TngAnnotations" name="method1" time="0.0"/>
  <testcase classname="TestNG2.TngAnnotations" name="method2" time="0.001"/>
  <testcase classname="TestNG2.TngParameterization" name="OpenBroswer" time="4.263"/>
</testsuite> <!-- Test -->
