<?xml version="1.0" encoding="UTF-8"?>
<!-- Generated by org.testng.reporters.JUnitXMLReporter -->
<testsuite ignored="4" hostname="ItsMyHp-0212" failures="0" tests="1" name="Test1" time="0.044" errors="0" timestamp="2024-02-27T12:43:25 IST">
  <testcase classname="TestNG.TngAnnTwo" name="method" time="0.013"/>
  <testcase classname="TestNG.TngAnnTwo" name="method1" time="0.0">
    <ignored/>
  </testcase> <!-- method1 -->
  <testcase classname="TestNG.TngDataProvider" name="OpenBroswer" time="0.0">
    <ignored/>
  </testcase> <!-- OpenBroswer -->
  <testcase classname="TestNG2.AnnAndAssertions" name="M3" time="0.0">
    <ignored/>
  </testcase> <!-- M3 -->
  <testcase classname="TestNG2.AnnAndAssertions" name="M1" time="0.0">
    <ignored/>
  </testcase> <!-- M1 -->
</testsuite> <!-- Test1 -->
